<?xml version='1.0' encoding='UTF-8' ?>
<testsuite name="com.example.lunchtray.OrderFunctionalityTests" tests="1" failures="0" errors="0" skipped="0" time="4.082" timestamp="2022-10-24T00:52:32" hostname="localhost">
  <properties>
    <property name="device" value="Pixel_4a_API_32(AVD) - 12" />
    <property name="flavor" value="" />
    <property name="project" value=":app" />
  </properties>
  <testcase name="radio_buttons_update_side_menu_subtotal" classname="com.example.lunchtray.OrderFunctionalityTests" time="2.575" />
</testsuite>